<?xml version="1.0" encoding="UTF-8"?>
<!-- Generated by org.testng.reporters.JUnitReportReporter -->
<testsuite hostname="DESKTOP-QTOF8K9" failures="0" tests="1" name="TestNg.Parametertest" time="0.040" errors="0" timestamp="2024-12-02T13:20:59 IST" skipped="0">
  <testcase classname="TestNg.Parametertest" name="main" time="0.040"/>
  <system-out/>
</testsuite> <!-- TestNg.Parametertest -->
