<?xml version="1.0" encoding="UTF-8"?>
<!-- Generated by org.testng.reporters.JUnitReportReporter -->
<testsuite hostname="DESKTOP-QTOF8K9" failures="0" tests="1" name="TestNg.Actiompgrm" time="3.198" errors="0" timestamp="2024-12-06T12:13:04 IST" skipped="0">
  <testcase classname="TestNg.Actiompgrm" name="test1" time="3.198"/>
  <system-out/>
</testsuite> <!-- TestNg.Actiompgrm -->
