<?xml version="1.0" encoding="UTF-8"?>
<!-- Generated by org.testng.reporters.JUnitReportReporter -->
<testsuite hostname="DESKTOP-QTOF8K9" failures="0" tests="3" name="TestNg.crossbrowsertesting" time="4.411" errors="0" timestamp="2024-12-05T13:14:15 IST" skipped="0">
  <testcase classname="TestNg.crossbrowsertesting" name="fb" time="1.525"/>
  <system-out/>
  <testcase classname="TestNg.crossbrowsertesting" name="fb" time="1.834"/>
  <system-out/>
  <testcase classname="TestNg.crossbrowsertesting" name="fb" time="1.052"/>
  <system-out/>
</testsuite> <!-- TestNg.crossbrowsertesting -->
