<?xml version="1.0" encoding="UTF-8"?>
<!-- Generated by org.testng.reporters.JUnitReportReporter -->
<testsuite hostname="DESKTOP-QTOF8K9" failures="0" tests="1" name="TestNg.Windowhandlingguru" time="11.646" errors="0" timestamp="2024-12-25T17:23:11 IST" skipped="0">
  <testcase classname="TestNg.Windowhandlingguru" name="test1" time="11.646"/>
  <system-out/>
</testsuite> <!-- TestNg.Windowhandlingguru -->
