<?xml version="1.0" encoding="UTF-8"?>
<!-- Generated by org.testng.reporters.JUnitReportReporter -->
<testsuite hostname="DESKTOP-QTOF8K9" failures="0" tests="1" name="TestNg.uploadrobot" time="22.427" errors="0" timestamp="2024-12-13T12:28:05 IST" skipped="0">
  <testcase classname="TestNg.uploadrobot" name="testFileUpload" time="22.427"/>
  <system-out/>
</testsuite> <!-- TestNg.uploadrobot -->
