<?xml version="1.0" encoding="UTF-8"?>
<!-- Generated by org.testng.reporters.JUnitReportReporter -->
<testsuite hostname="DESKTOP-QTOF8K9" failures="0" tests="1" name="TestNg.AssignmentAmazonWH" time="16.537" errors="0" timestamp="2024-12-25T22:20:12 IST" skipped="0">
  <testcase classname="TestNg.AssignmentAmazonWH" name="test1" time="16.537"/>
  <system-out/>
</testsuite> <!-- TestNg.AssignmentAmazonWH -->
