<?xml version="1.0" encoding="UTF-8"?>
<!-- Generated by org.testng.reporters.JUnitReportReporter -->
<testsuite hostname="DESKTOP-QTOF8K9" failures="0" tests="1" name="TestNg.Dargddrop" time="15.278" errors="0" timestamp="2024-12-09T12:08:47 IST" skipped="0">
  <testcase classname="TestNg.Dargddrop" name="test1" time="15.278"/>
  <system-out/>
</testsuite> <!-- TestNg.Dargddrop -->
