<?xml version="1.0" encoding="UTF-8"?>
<!-- Generated by org.testng.reporters.JUnitReportReporter -->
<testsuite hostname="DESKTOP-QTOF8K9" failures="0" tests="1" name="TestNg.ScrolldownAmazon" time="2.856" errors="0" timestamp="2024-12-09T13:37:58 IST" skipped="0">
  <testcase classname="TestNg.ScrolldownAmazon" name="test1" time="2.856"/>
  <system-out/>
</testsuite> <!-- TestNg.ScrolldownAmazon -->
