<?xml version="1.0" encoding="UTF-8"?>
<!-- Generated by org.testng.reporters.JUnitReportReporter -->
<testsuite hostname="DESKTOP-QTOF8K9" failures="0" tests="1" name="TestNg.Robotclassfileupload" time="4.342" errors="0" timestamp="2024-12-13T12:02:58 IST" skipped="0">
  <testcase classname="TestNg.Robotclassfileupload" name="test1" time="4.342"/>
  <system-out/>
</testsuite> <!-- TestNg.Robotclassfileupload -->
