<?xml version="1.0" encoding="UTF-8"?>
<!-- Generated by org.testng.reporters.JUnitReportReporter -->
<testsuite hostname="DESKTOP-QTOF8K9" failures="0" tests="1" name="TestNg.Datadriventest" time="42.515" errors="0" timestamp="2024-12-25T20:28:07 IST" skipped="0">
  <testcase classname="TestNg.Datadriventest" name="main" time="42.515"/>
  <system-out/>
</testsuite> <!-- TestNg.Datadriventest -->
