<?xml version="1.0" encoding="UTF-8"?>
<!-- Generated by org.testng.reporters.JUnitReportReporter -->
<testsuite hostname="DESKTOP-QTOF8K9" failures="0" tests="1" name="testpkg.Fbtest" time="4.399" errors="0" timestamp="2024-12-18T13:33:03 IST" skipped="0">
  <testcase classname="testpkg.Fbtest" name="verifyLoginWithValidCred" time="4.399"/>
  <system-out/>
</testsuite> <!-- testpkg.Fbtest -->
