<?xml version="1.0" encoding="UTF-8"?>
<!-- Generated by org.testng.reporters.JUnitReportReporter -->
<testsuite hostname="DESKTOP-QTOF8K9" failures="0" tests="1" name="Tests.Fbloginpagetest" time="1.201" errors="0" timestamp="2024-12-26T01:01:12 IST" skipped="0">
  <testcase classname="Tests.Fbloginpagetest" name="testlogin" time="1.201"/>
  <system-out/>
</testsuite> <!-- Tests.Fbloginpagetest -->
