<?xml version="1.0" encoding="UTF-8"?>
<!-- Generated by org.testng.reporters.JUnitReportReporter -->
<testsuite hostname="DESKTOP-QTOF8K9" failures="0" tests="1" name="TestNg.Assignmentswaglabsdatadriven" time="5.052" errors="0" timestamp="2024-12-25T22:26:53 IST" skipped="0">
  <testcase classname="TestNg.Assignmentswaglabsdatadriven" name="main" time="5.052"/>
  <system-out/>
</testsuite> <!-- TestNg.Assignmentswaglabsdatadriven -->
