<?xml version="1.0" encoding="UTF-8"?>
<!-- Generated by org.testng.reporters.JUnitReportReporter -->
<testsuite hostname="DESKTOP-QTOF8K9" failures="0" tests="1" name="TestNg.Gururightdoubleclick" time="2.268" errors="0" timestamp="2024-12-06T13:25:28 IST" skipped="0">
  <testcase classname="TestNg.Gururightdoubleclick" name="test1" time="2.268"/>
  <system-out/>
</testsuite> <!-- TestNg.Gururightdoubleclick -->
