<?xml version="1.0" encoding="UTF-8"?>
<!-- Generated by org.testng.reporters.JUnitReportReporter -->
<testsuite hostname="DESKTOP-QTOF8K9" failures="0" tests="3" name="TestNg.Testnggrouping" time="0.028" errors="0" timestamp="2024-12-05T12:17:01 IST" skipped="0">
  <testcase classname="TestNg.Testnggrouping" name="main1" time="0.023"/>
  <system-out/>
  <testcase classname="TestNg.Testnggrouping" name="main4" time="0.002"/>
  <system-out/>
  <testcase classname="TestNg.Testnggrouping" name="main2" time="0.003"/>
  <system-out/>
</testsuite> <!-- TestNg.Testnggrouping -->
