<?xml version="1.0" encoding="UTF-8"?>
<!-- Generated by org.testng.reporters.JUnitReportReporter -->
<testsuite hostname="DESKTOP-QTOF8K9" failures="0" tests="1" name="TestNg.Autoitprogram" time="0.124" errors="0" timestamp="2024-12-12T14:15:37 IST" skipped="0">
  <testcase classname="TestNg.Autoitprogram" name="pdf" time="0.124"/>
  <system-out/>
</testsuite> <!-- TestNg.Autoitprogram -->
