<?xml version="1.0" encoding="UTF-8"?>
<!-- Generated by org.testng.reporters.JUnitReportReporter -->
<testsuite hostname="DESKTOP-QTOF8K9" failures="0" tests="5" name="TestNg.TestNGprogram1" time="0.028" errors="0" timestamp="2024-12-02T12:37:54 IST" skipped="1">
  <testcase classname="TestNg.TestNGprogram1" name="test3" time="0.004"/>
  <system-out/>
  <testcase classname="TestNg.TestNGprogram1" name="test2" time="0.004"/>
  <system-out/>
  <testcase classname="TestNg.TestNGprogram1" name="test2" time="0.005"/>
  <system-out/>
  <testcase classname="TestNg.TestNGprogram1" name="test2" time="0.015"/>
  <system-out/>
  <testcase classname="TestNg.TestNGprogram1" name="test1">
    <skipped/>
  </testcase> <!-- test1 -->
  <system-out/>
</testsuite> <!-- TestNg.TestNGprogram1 -->
