<?xml version="1.0" encoding="UTF-8"?>
<!-- Generated by org.testng.reporters.JUnitReportReporter -->
<testsuite hostname="DESKTOP-QTOF8K9" failures="0" tests="1" name="Tests.FBlogintest1" time="1.370" errors="0" timestamp="2024-12-26T01:15:53 IST" skipped="0">
  <testcase classname="Tests.FBlogintest1" name="testlogin" time="1.370"/>
  <system-out/>
</testsuite> <!-- Tests.FBlogintest1 -->
